30-May-2024 03:43:18.828 INFO [main] org.apache.catalina.startup.VersionLoggerListener.log Имя версии сервера:    Apache Tomcat/8.5.100
30-May-2024 03:43:18.834 INFO [main] org.apache.catalina.startup.VersionLoggerListener.log Сервер собран:         Mar 19 2024 13:54:42 UTC
30-May-2024 03:43:18.836 INFO [main] org.apache.catalina.startup.VersionLoggerListener.log Номер версии сервера:  8.5.100.0
30-May-2024 03:43:18.836 INFO [main] org.apache.catalina.startup.VersionLoggerListener.log OS Name:               Windows 10
30-May-2024 03:43:18.837 INFO [main] org.apache.catalina.startup.VersionLoggerListener.log Версия ОС:             10.0
30-May-2024 03:43:18.837 INFO [main] org.apache.catalina.startup.VersionLoggerListener.log Архитектура:           amd64
30-May-2024 03:43:18.837 INFO [main] org.apache.catalina.startup.VersionLoggerListener.log Java Home:             C:\Program Files\Java\jdk-22
30-May-2024 03:43:18.837 INFO [main] org.apache.catalina.startup.VersionLoggerListener.log Версия JVM:            22.0.1+8-16
30-May-2024 03:43:18.837 INFO [main] org.apache.catalina.startup.VersionLoggerListener.log Производитель JVM:     Oracle Corporation
30-May-2024 03:43:18.838 INFO [main] org.apache.catalina.startup.VersionLoggerListener.log CATALINA_BASE:         C:\Users\User\IdeaProjects\OOP_Lab5
30-May-2024 03:43:18.838 INFO [main] org.apache.catalina.startup.VersionLoggerListener.log CATALINA_HOME:         C:\TomCat\apache-tomcat-8.5.100
30-May-2024 03:43:18.853 INFO [main] org.apache.catalina.startup.VersionLoggerListener.log Command line argument: --add-opens=java.base/java.lang=ALL-UNNAMED
30-May-2024 03:43:18.853 INFO [main] org.apache.catalina.startup.VersionLoggerListener.log Command line argument: --add-opens=java.base/java.io=ALL-UNNAMED
30-May-2024 03:43:18.854 INFO [main] org.apache.catalina.startup.VersionLoggerListener.log Command line argument: --add-opens=java.base/java.util=ALL-UNNAMED
30-May-2024 03:43:18.854 INFO [main] org.apache.catalina.startup.VersionLoggerListener.log Command line argument: --add-opens=java.base/java.util.concurrent=ALL-UNNAMED
30-May-2024 03:43:18.855 INFO [main] org.apache.catalina.startup.VersionLoggerListener.log Command line argument: --add-opens=java.rmi/sun.rmi.transport=ALL-UNNAMED
30-May-2024 03:43:18.855 INFO [main] org.apache.catalina.startup.VersionLoggerListener.log Command line argument: -Dcatalina.home=C:\TomCat\apache-tomcat-8.5.100
30-May-2024 03:43:18.855 INFO [main] org.apache.catalina.startup.VersionLoggerListener.log Command line argument: -Dcatalina.base=C:\Users\User\IdeaProjects\OOP_Lab5
30-May-2024 03:43:18.856 INFO [main] org.apache.catalina.startup.VersionLoggerListener.log Command line argument: -Djava.io.tmpdir=C:\Users\User\IdeaProjects\OOP_Lab5\temp
30-May-2024 03:43:18.856 INFO [main] org.apache.catalina.startup.VersionLoggerListener.log Command line argument: -Djava.util.logging.config.file=C:\Users\User\IdeaProjects\OOP_Lab5\conf\logging.properties
30-May-2024 03:43:18.856 INFO [main] org.apache.catalina.startup.VersionLoggerListener.log Command line argument: -Djava.util.logging.manager=org.apache.juli.ClassLoaderLogManager
30-May-2024 03:43:18.856 INFO [main] org.apache.catalina.startup.VersionLoggerListener.log Command line argument: -javaagent:C:\Users\User\IntelliJ IDEA 2024.1.1\lib\idea_rt.jar=7371:C:\Users\User\IntelliJ IDEA 2024.1.1\bin
30-May-2024 03:43:18.856 INFO [main] org.apache.catalina.startup.VersionLoggerListener.log Command line argument: -Dfile.encoding=UTF-8
30-May-2024 03:43:18.856 INFO [main] org.apache.catalina.startup.VersionLoggerListener.log Command line argument: -Dsun.stdout.encoding=UTF-8
30-May-2024 03:43:18.856 INFO [main] org.apache.catalina.startup.VersionLoggerListener.log Command line argument: -Dsun.stderr.encoding=UTF-8
30-May-2024 03:43:18.857 INFO [main] org.apache.catalina.core.AprLifecycleListener.lifecycleEvent The Apache Tomcat Native library which allows using OpenSSL was not found on the java.library.path: [C:\Program Files\Java\jdk-22\bin;C:\Windows\Sun\Java\bin;C:\Windows\system32;C:\Windows;C:\Program Files\Common Files\Oracle\Java\javapath;C:\Program Files (x86)\NVIDIA Corporation\PhysX\Common;C:\ProgramData\Oracle\Java\javapath;C:\Windows\system32;C:\Windows;C:\Windows\System32\Wbem;C:\Windows\System32\WindowsPowerShell\v1.0\;C:\Windows\System32\OpenSSH\;C:\Program Files\dotnet\;C:\Program Files\Git\cmd;C:\Users\User\AppData\Local\Microsoft\WindowsApps;C:\Users\User\AppData\Local\Programs\Microsoft VS Code\bin;C:\Users\User\.dotnet\tools;C:\Users\User\IntelliJ IDEA 2024.1.1\bin;;.]
30-May-2024 03:43:18.982 INFO [main] org.apache.coyote.AbstractProtocol.init Инициализация ProtocolHandler ["http-nio-8080"]
30-May-2024 03:43:19.061 INFO [main] org.apache.catalina.startup.Catalina.load Initialization processed in 1631 ms
30-May-2024 03:43:19.225 INFO [main] org.apache.catalina.core.StandardService.startInternal Starting service [Catalina]
30-May-2024 03:43:19.225 INFO [main] org.apache.catalina.core.StandardEngine.startInternal Starting Servlet engine: [Apache Tomcat/8.5.100]
30-May-2024 03:43:19.248 INFO [localhost-startStop-1] org.apache.catalina.startup.HostConfig.deployDescriptor Deploying deployment descriptor [C:\Users\User\IdeaProjects\OOP_Lab5\conf\Catalina\localhost\OOP_Lab5.xml]
30-May-2024 03:43:21.375 INFO [localhost-startStop-1] org.apache.jasper.servlet.TldScanner.scanJars At least one JAR was scanned for TLDs yet contained no TLDs. Enable debug logging for this logger for a complete list of JARs that were scanned but no TLDs were found in them. Skipping unneeded JARs during scanning can improve startup time and JSP compilation time.
30-May-2024 03:43:21.509 INFO [localhost-startStop-1] org.apache.catalina.startup.HostConfig.deployDescriptor Deployment of deployment descriptor [C:\Users\User\IdeaProjects\OOP_Lab5\conf\Catalina\localhost\OOP_Lab5.xml] has finished in [2 256] ms
30-May-2024 03:43:21.515 INFO [main] org.apache.coyote.AbstractProtocol.start Starting ProtocolHandler ["http-nio-8080"]
30-May-2024 03:43:21.576 INFO [main] org.apache.catalina.startup.Catalina.start Server startup in 2509 ms
30-May-2024 03:43:42.607 INFO [Thread-1] org.apache.coyote.AbstractProtocol.pause Pausing ProtocolHandler ["http-nio-8080"]
30-May-2024 03:43:42.615 INFO [Thread-1] org.apache.catalina.core.StandardService.stopInternal Stopping service [Catalina]
30-May-2024 03:43:42.907 INFO [Thread-1] org.apache.coyote.AbstractProtocol.stop Stopping ProtocolHandler ["http-nio-8080"]
30-May-2024 03:43:42.928 INFO [Thread-1] org.apache.coyote.AbstractProtocol.destroy Destroying ProtocolHandler ["http-nio-8080"]
30-May-2024 03:43:48.300 INFO [main] org.apache.catalina.startup.VersionLoggerListener.log Имя версии сервера:    Apache Tomcat/8.5.100
30-May-2024 03:43:48.319 INFO [main] org.apache.catalina.startup.VersionLoggerListener.log Сервер собран:         Mar 19 2024 13:54:42 UTC
30-May-2024 03:43:48.320 INFO [main] org.apache.catalina.startup.VersionLoggerListener.log Номер версии сервера:  8.5.100.0
30-May-2024 03:43:48.320 INFO [main] org.apache.catalina.startup.VersionLoggerListener.log OS Name:               Windows 10
30-May-2024 03:43:48.321 INFO [main] org.apache.catalina.startup.VersionLoggerListener.log Версия ОС:             10.0
30-May-2024 03:43:48.321 INFO [main] org.apache.catalina.startup.VersionLoggerListener.log Архитектура:           amd64
30-May-2024 03:43:48.322 INFO [main] org.apache.catalina.startup.VersionLoggerListener.log Java Home:             C:\Program Files\Java\jdk-22
30-May-2024 03:43:48.324 INFO [main] org.apache.catalina.startup.VersionLoggerListener.log Версия JVM:            22.0.1+8-16
30-May-2024 03:43:48.326 INFO [main] org.apache.catalina.startup.VersionLoggerListener.log Производитель JVM:     Oracle Corporation
30-May-2024 03:43:48.326 INFO [main] org.apache.catalina.startup.VersionLoggerListener.log CATALINA_BASE:         C:\Users\User\IdeaProjects\OOP_Lab5
30-May-2024 03:43:48.326 INFO [main] org.apache.catalina.startup.VersionLoggerListener.log CATALINA_HOME:         C:\TomCat\apache-tomcat-8.5.100
30-May-2024 03:43:48.331 INFO [main] org.apache.catalina.startup.VersionLoggerListener.log Command line argument: --add-opens=java.base/java.lang=ALL-UNNAMED
30-May-2024 03:43:48.332 INFO [main] org.apache.catalina.startup.VersionLoggerListener.log Command line argument: --add-opens=java.base/java.io=ALL-UNNAMED
30-May-2024 03:43:48.332 INFO [main] org.apache.catalina.startup.VersionLoggerListener.log Command line argument: --add-opens=java.base/java.util=ALL-UNNAMED
30-May-2024 03:43:48.332 INFO [main] org.apache.catalina.startup.VersionLoggerListener.log Command line argument: --add-opens=java.base/java.util.concurrent=ALL-UNNAMED
30-May-2024 03:43:48.332 INFO [main] org.apache.catalina.startup.VersionLoggerListener.log Command line argument: --add-opens=java.rmi/sun.rmi.transport=ALL-UNNAMED
30-May-2024 03:43:48.332 INFO [main] org.apache.catalina.startup.VersionLoggerListener.log Command line argument: -Dcatalina.home=C:\TomCat\apache-tomcat-8.5.100
30-May-2024 03:43:48.333 INFO [main] org.apache.catalina.startup.VersionLoggerListener.log Command line argument: -Dcatalina.base=C:\Users\User\IdeaProjects\OOP_Lab5
30-May-2024 03:43:48.333 INFO [main] org.apache.catalina.startup.VersionLoggerListener.log Command line argument: -Djava.io.tmpdir=C:\Users\User\IdeaProjects\OOP_Lab5\temp
30-May-2024 03:43:48.333 INFO [main] org.apache.catalina.startup.VersionLoggerListener.log Command line argument: -Djava.util.logging.config.file=C:\Users\User\IdeaProjects\OOP_Lab5\conf\logging.properties
30-May-2024 03:43:48.333 INFO [main] org.apache.catalina.startup.VersionLoggerListener.log Command line argument: -Djava.util.logging.manager=org.apache.juli.ClassLoaderLogManager
30-May-2024 03:43:48.341 INFO [main] org.apache.catalina.startup.VersionLoggerListener.log Command line argument: -javaagent:C:\Users\User\IntelliJ IDEA 2024.1.1\lib\idea_rt.jar=7402:C:\Users\User\IntelliJ IDEA 2024.1.1\bin
30-May-2024 03:43:48.341 INFO [main] org.apache.catalina.startup.VersionLoggerListener.log Command line argument: -Dfile.encoding=UTF-8
30-May-2024 03:43:48.342 INFO [main] org.apache.catalina.startup.VersionLoggerListener.log Command line argument: -Dsun.stdout.encoding=UTF-8
30-May-2024 03:43:48.342 INFO [main] org.apache.catalina.startup.VersionLoggerListener.log Command line argument: -Dsun.stderr.encoding=UTF-8
30-May-2024 03:43:48.342 INFO [main] org.apache.catalina.core.AprLifecycleListener.lifecycleEvent The Apache Tomcat Native library which allows using OpenSSL was not found on the java.library.path: [C:\Program Files\Java\jdk-22\bin;C:\Windows\Sun\Java\bin;C:\Windows\system32;C:\Windows;C:\Program Files\Common Files\Oracle\Java\javapath;C:\Program Files (x86)\NVIDIA Corporation\PhysX\Common;C:\ProgramData\Oracle\Java\javapath;C:\Windows\system32;C:\Windows;C:\Windows\System32\Wbem;C:\Windows\System32\WindowsPowerShell\v1.0\;C:\Windows\System32\OpenSSH\;C:\Program Files\dotnet\;C:\Program Files\Git\cmd;C:\Users\User\AppData\Local\Microsoft\WindowsApps;C:\Users\User\AppData\Local\Programs\Microsoft VS Code\bin;C:\Users\User\.dotnet\tools;C:\Users\User\IntelliJ IDEA 2024.1.1\bin;;.]
30-May-2024 03:43:48.458 INFO [main] org.apache.coyote.AbstractProtocol.init Инициализация ProtocolHandler ["http-nio-8080"]
30-May-2024 03:43:48.506 INFO [main] org.apache.catalina.startup.Catalina.load Initialization processed in 1647 ms
30-May-2024 03:43:48.786 INFO [main] org.apache.catalina.core.StandardService.startInternal Starting service [Catalina]
30-May-2024 03:43:48.787 INFO [main] org.apache.catalina.core.StandardEngine.startInternal Starting Servlet engine: [Apache Tomcat/8.5.100]
30-May-2024 03:43:48.817 INFO [localhost-startStop-1] org.apache.catalina.startup.HostConfig.deployDescriptor Deploying deployment descriptor [C:\Users\User\IdeaProjects\OOP_Lab5\conf\Catalina\localhost\OOP_Lab5.xml]
30-May-2024 03:43:51.859 INFO [localhost-startStop-1] org.apache.jasper.servlet.TldScanner.scanJars At least one JAR was scanned for TLDs yet contained no TLDs. Enable debug logging for this logger for a complete list of JARs that were scanned but no TLDs were found in them. Skipping unneeded JARs during scanning can improve startup time and JSP compilation time.
30-May-2024 03:43:52.129 INFO [localhost-startStop-1] org.apache.catalina.startup.HostConfig.deployDescriptor Deployment of deployment descriptor [C:\Users\User\IdeaProjects\OOP_Lab5\conf\Catalina\localhost\OOP_Lab5.xml] has finished in [3 305] ms
30-May-2024 03:43:52.137 INFO [main] org.apache.coyote.AbstractProtocol.start Starting ProtocolHandler ["http-nio-8080"]
30-May-2024 03:43:52.224 INFO [main] org.apache.catalina.startup.Catalina.start Server startup in 3714 ms
30-May-2024 03:46:16.932 INFO [Thread-1] org.apache.coyote.AbstractProtocol.pause Pausing ProtocolHandler ["http-nio-8080"]
30-May-2024 03:46:16.939 INFO [Thread-1] org.apache.catalina.core.StandardService.stopInternal Stopping service [Catalina]
30-May-2024 03:46:16.968 INFO [Thread-1] org.apache.coyote.AbstractProtocol.stop Stopping ProtocolHandler ["http-nio-8080"]
30-May-2024 03:46:16.983 INFO [Thread-1] org.apache.coyote.AbstractProtocol.destroy Destroying ProtocolHandler ["http-nio-8080"]
30-May-2024 03:48:48.477 INFO [main] org.apache.catalina.startup.VersionLoggerListener.log Имя версии сервера:    Apache Tomcat/8.5.100
30-May-2024 03:48:48.486 INFO [main] org.apache.catalina.startup.VersionLoggerListener.log Сервер собран:         Mar 19 2024 13:54:42 UTC
30-May-2024 03:48:48.487 INFO [main] org.apache.catalina.startup.VersionLoggerListener.log Номер версии сервера:  8.5.100.0
30-May-2024 03:48:48.487 INFO [main] org.apache.catalina.startup.VersionLoggerListener.log OS Name:               Windows 10
30-May-2024 03:48:48.488 INFO [main] org.apache.catalina.startup.VersionLoggerListener.log Версия ОС:             10.0
30-May-2024 03:48:48.488 INFO [main] org.apache.catalina.startup.VersionLoggerListener.log Архитектура:           amd64
30-May-2024 03:48:48.489 INFO [main] org.apache.catalina.startup.VersionLoggerListener.log Java Home:             C:\Program Files\Java\jdk-22
30-May-2024 03:48:48.489 INFO [main] org.apache.catalina.startup.VersionLoggerListener.log Версия JVM:            22.0.1+8-16
30-May-2024 03:48:48.489 INFO [main] org.apache.catalina.startup.VersionLoggerListener.log Производитель JVM:     Oracle Corporation
30-May-2024 03:48:48.490 INFO [main] org.apache.catalina.startup.VersionLoggerListener.log CATALINA_BASE:         C:\Users\User\IdeaProjects\OOP_Lab5
30-May-2024 03:48:48.490 INFO [main] org.apache.catalina.startup.VersionLoggerListener.log CATALINA_HOME:         C:\TomCat\apache-tomcat-8.5.100
30-May-2024 03:48:48.497 INFO [main] org.apache.catalina.startup.VersionLoggerListener.log Command line argument: --add-opens=java.base/java.lang=ALL-UNNAMED
30-May-2024 03:48:48.498 INFO [main] org.apache.catalina.startup.VersionLoggerListener.log Command line argument: --add-opens=java.base/java.io=ALL-UNNAMED
30-May-2024 03:48:48.500 INFO [main] org.apache.catalina.startup.VersionLoggerListener.log Command line argument: --add-opens=java.base/java.util=ALL-UNNAMED
30-May-2024 03:48:48.501 INFO [main] org.apache.catalina.startup.VersionLoggerListener.log Command line argument: --add-opens=java.base/java.util.concurrent=ALL-UNNAMED
30-May-2024 03:48:48.501 INFO [main] org.apache.catalina.startup.VersionLoggerListener.log Command line argument: --add-opens=java.rmi/sun.rmi.transport=ALL-UNNAMED
30-May-2024 03:48:48.502 INFO [main] org.apache.catalina.startup.VersionLoggerListener.log Command line argument: -Dcatalina.home=C:\TomCat\apache-tomcat-8.5.100
30-May-2024 03:48:48.502 INFO [main] org.apache.catalina.startup.VersionLoggerListener.log Command line argument: -Dcatalina.base=C:\Users\User\IdeaProjects\OOP_Lab5
30-May-2024 03:48:48.503 INFO [main] org.apache.catalina.startup.VersionLoggerListener.log Command line argument: -Djava.io.tmpdir=C:\Users\User\IdeaProjects\OOP_Lab5\temp
30-May-2024 03:48:48.504 INFO [main] org.apache.catalina.startup.VersionLoggerListener.log Command line argument: -Djava.util.logging.config.file=C:\Users\User\IdeaProjects\OOP_Lab5\conf\logging.properties
30-May-2024 03:48:48.505 INFO [main] org.apache.catalina.startup.VersionLoggerListener.log Command line argument: -Djava.util.logging.manager=org.apache.juli.ClassLoaderLogManager
30-May-2024 03:48:48.506 INFO [main] org.apache.catalina.startup.VersionLoggerListener.log Command line argument: -javaagent:C:\Users\User\IntelliJ IDEA 2024.1.1\lib\idea_rt.jar=7500:C:\Users\User\IntelliJ IDEA 2024.1.1\bin
30-May-2024 03:48:48.506 INFO [main] org.apache.catalina.startup.VersionLoggerListener.log Command line argument: -Dfile.encoding=UTF-8
30-May-2024 03:48:48.506 INFO [main] org.apache.catalina.startup.VersionLoggerListener.log Command line argument: -Dsun.stdout.encoding=UTF-8
30-May-2024 03:48:48.507 INFO [main] org.apache.catalina.startup.VersionLoggerListener.log Command line argument: -Dsun.stderr.encoding=UTF-8
30-May-2024 03:48:48.507 INFO [main] org.apache.catalina.core.AprLifecycleListener.lifecycleEvent The Apache Tomcat Native library which allows using OpenSSL was not found on the java.library.path: [C:\Program Files\Java\jdk-22\bin;C:\Windows\Sun\Java\bin;C:\Windows\system32;C:\Windows;C:\Program Files\Common Files\Oracle\Java\javapath;C:\Program Files (x86)\NVIDIA Corporation\PhysX\Common;C:\ProgramData\Oracle\Java\javapath;C:\Windows\system32;C:\Windows;C:\Windows\System32\Wbem;C:\Windows\System32\WindowsPowerShell\v1.0\;C:\Windows\System32\OpenSSH\;C:\Program Files\dotnet\;C:\Program Files\Git\cmd;C:\Users\User\AppData\Local\Microsoft\WindowsApps;C:\Users\User\AppData\Local\Programs\Microsoft VS Code\bin;C:\Users\User\.dotnet\tools;C:\Users\User\IntelliJ IDEA 2024.1.1\bin;;.]
30-May-2024 03:48:48.626 INFO [main] org.apache.coyote.AbstractProtocol.init Инициализация ProtocolHandler ["http-nio-8080"]
30-May-2024 03:48:48.681 INFO [main] org.apache.catalina.startup.Catalina.load Initialization processed in 1640 ms
30-May-2024 03:48:49.073 INFO [main] org.apache.catalina.core.StandardService.startInternal Starting service [Catalina]
30-May-2024 03:48:49.073 INFO [main] org.apache.catalina.core.StandardEngine.startInternal Starting Servlet engine: [Apache Tomcat/8.5.100]
30-May-2024 03:48:49.302 INFO [localhost-startStop-1] org.apache.catalina.startup.HostConfig.deployDescriptor Deploying deployment descriptor [C:\Users\User\IdeaProjects\OOP_Lab5\conf\Catalina\localhost\OOP_Lab5.xml]
30-May-2024 03:48:51.838 INFO [localhost-startStop-1] org.apache.jasper.servlet.TldScanner.scanJars At least one JAR was scanned for TLDs yet contained no TLDs. Enable debug logging for this logger for a complete list of JARs that were scanned but no TLDs were found in them. Skipping unneeded JARs during scanning can improve startup time and JSP compilation time.
30-May-2024 03:48:51.977 INFO [localhost-startStop-1] org.apache.catalina.startup.HostConfig.deployDescriptor Deployment of deployment descriptor [C:\Users\User\IdeaProjects\OOP_Lab5\conf\Catalina\localhost\OOP_Lab5.xml] has finished in [2 669] ms
30-May-2024 03:48:51.983 INFO [main] org.apache.coyote.AbstractProtocol.start Starting ProtocolHandler ["http-nio-8080"]
30-May-2024 03:48:52.049 INFO [main] org.apache.catalina.startup.Catalina.start Server startup in 3364 ms
30-May-2024 03:49:20.331 INFO [Thread-1] org.apache.coyote.AbstractProtocol.pause Pausing ProtocolHandler ["http-nio-8080"]
30-May-2024 03:49:20.338 INFO [Thread-1] org.apache.catalina.core.StandardService.stopInternal Stopping service [Catalina]
30-May-2024 03:49:20.388 INFO [Thread-1] org.apache.coyote.AbstractProtocol.stop Stopping ProtocolHandler ["http-nio-8080"]
30-May-2024 03:49:20.402 INFO [Thread-1] org.apache.coyote.AbstractProtocol.destroy Destroying ProtocolHandler ["http-nio-8080"]
30-May-2024 03:49:29.915 INFO [main] org.apache.catalina.startup.VersionLoggerListener.log Имя версии сервера:    Apache Tomcat/8.5.100
30-May-2024 03:49:29.921 INFO [main] org.apache.catalina.startup.VersionLoggerListener.log Сервер собран:         Mar 19 2024 13:54:42 UTC
30-May-2024 03:49:29.922 INFO [main] org.apache.catalina.startup.VersionLoggerListener.log Номер версии сервера:  8.5.100.0
30-May-2024 03:49:29.922 INFO [main] org.apache.catalina.startup.VersionLoggerListener.log OS Name:               Windows 10
30-May-2024 03:49:29.923 INFO [main] org.apache.catalina.startup.VersionLoggerListener.log Версия ОС:             10.0
30-May-2024 03:49:29.923 INFO [main] org.apache.catalina.startup.VersionLoggerListener.log Архитектура:           amd64
30-May-2024 03:49:29.923 INFO [main] org.apache.catalina.startup.VersionLoggerListener.log Java Home:             C:\Program Files\Java\jdk-22
30-May-2024 03:49:29.924 INFO [main] org.apache.catalina.startup.VersionLoggerListener.log Версия JVM:            22.0.1+8-16
30-May-2024 03:49:29.924 INFO [main] org.apache.catalina.startup.VersionLoggerListener.log Производитель JVM:     Oracle Corporation
30-May-2024 03:49:29.925 INFO [main] org.apache.catalina.startup.VersionLoggerListener.log CATALINA_BASE:         C:\Users\User\IdeaProjects\OOP_Lab5
30-May-2024 03:49:29.925 INFO [main] org.apache.catalina.startup.VersionLoggerListener.log CATALINA_HOME:         C:\TomCat\apache-tomcat-8.5.100
30-May-2024 03:49:29.926 INFO [main] org.apache.catalina.startup.VersionLoggerListener.log Command line argument: --add-opens=java.base/java.lang=ALL-UNNAMED
30-May-2024 03:49:29.927 INFO [main] org.apache.catalina.startup.VersionLoggerListener.log Command line argument: --add-opens=java.base/java.io=ALL-UNNAMED
30-May-2024 03:49:29.927 INFO [main] org.apache.catalina.startup.VersionLoggerListener.log Command line argument: --add-opens=java.base/java.util=ALL-UNNAMED
30-May-2024 03:49:29.927 INFO [main] org.apache.catalina.startup.VersionLoggerListener.log Command line argument: --add-opens=java.base/java.util.concurrent=ALL-UNNAMED
30-May-2024 03:49:29.927 INFO [main] org.apache.catalina.startup.VersionLoggerListener.log Command line argument: --add-opens=java.rmi/sun.rmi.transport=ALL-UNNAMED
30-May-2024 03:49:29.928 INFO [main] org.apache.catalina.startup.VersionLoggerListener.log Command line argument: -Dcatalina.home=C:\TomCat\apache-tomcat-8.5.100
30-May-2024 03:49:29.928 INFO [main] org.apache.catalina.startup.VersionLoggerListener.log Command line argument: -Dcatalina.base=C:\Users\User\IdeaProjects\OOP_Lab5
30-May-2024 03:49:29.928 INFO [main] org.apache.catalina.startup.VersionLoggerListener.log Command line argument: -Djava.io.tmpdir=C:\Users\User\IdeaProjects\OOP_Lab5\temp
30-May-2024 03:49:29.928 INFO [main] org.apache.catalina.startup.VersionLoggerListener.log Command line argument: -Djava.util.logging.config.file=C:\Users\User\IdeaProjects\OOP_Lab5\conf\logging.properties
30-May-2024 03:49:29.929 INFO [main] org.apache.catalina.startup.VersionLoggerListener.log Command line argument: -Djava.util.logging.manager=org.apache.juli.ClassLoaderLogManager
30-May-2024 03:49:29.930 INFO [main] org.apache.catalina.startup.VersionLoggerListener.log Command line argument: -javaagent:C:\Users\User\IntelliJ IDEA 2024.1.1\lib\idea_rt.jar=7548:C:\Users\User\IntelliJ IDEA 2024.1.1\bin
30-May-2024 03:49:29.930 INFO [main] org.apache.catalina.startup.VersionLoggerListener.log Command line argument: -Dfile.encoding=UTF-8
30-May-2024 03:49:29.930 INFO [main] org.apache.catalina.startup.VersionLoggerListener.log Command line argument: -Dsun.stdout.encoding=UTF-8
30-May-2024 03:49:29.931 INFO [main] org.apache.catalina.startup.VersionLoggerListener.log Command line argument: -Dsun.stderr.encoding=UTF-8
30-May-2024 03:49:29.932 INFO [main] org.apache.catalina.core.AprLifecycleListener.lifecycleEvent The Apache Tomcat Native library which allows using OpenSSL was not found on the java.library.path: [C:\Program Files\Java\jdk-22\bin;C:\Windows\Sun\Java\bin;C:\Windows\system32;C:\Windows;C:\Program Files\Common Files\Oracle\Java\javapath;C:\Program Files (x86)\NVIDIA Corporation\PhysX\Common;C:\ProgramData\Oracle\Java\javapath;C:\Windows\system32;C:\Windows;C:\Windows\System32\Wbem;C:\Windows\System32\WindowsPowerShell\v1.0\;C:\Windows\System32\OpenSSH\;C:\Program Files\dotnet\;C:\Program Files\Git\cmd;C:\Users\User\AppData\Local\Microsoft\WindowsApps;C:\Users\User\AppData\Local\Programs\Microsoft VS Code\bin;C:\Users\User\.dotnet\tools;C:\Users\User\IntelliJ IDEA 2024.1.1\bin;;.]
30-May-2024 03:49:30.043 INFO [main] org.apache.coyote.AbstractProtocol.init Инициализация ProtocolHandler ["http-nio-8080"]
30-May-2024 03:49:30.121 INFO [main] org.apache.catalina.startup.Catalina.load Initialization processed in 1587 ms
30-May-2024 03:49:30.309 INFO [main] org.apache.catalina.core.StandardService.startInternal Starting service [Catalina]
30-May-2024 03:49:30.309 INFO [main] org.apache.catalina.core.StandardEngine.startInternal Starting Servlet engine: [Apache Tomcat/8.5.100]
30-May-2024 03:49:30.331 INFO [localhost-startStop-1] org.apache.catalina.startup.HostConfig.deployDescriptor Deploying deployment descriptor [C:\Users\User\IdeaProjects\OOP_Lab5\conf\Catalina\localhost\OOP_Lab5.xml]
30-May-2024 03:49:32.702 INFO [localhost-startStop-1] org.apache.jasper.servlet.TldScanner.scanJars At least one JAR was scanned for TLDs yet contained no TLDs. Enable debug logging for this logger for a complete list of JARs that were scanned but no TLDs were found in them. Skipping unneeded JARs during scanning can improve startup time and JSP compilation time.
30-May-2024 03:49:32.871 INFO [localhost-startStop-1] org.apache.catalina.startup.HostConfig.deployDescriptor Deployment of deployment descriptor [C:\Users\User\IdeaProjects\OOP_Lab5\conf\Catalina\localhost\OOP_Lab5.xml] has finished in [2 535] ms
30-May-2024 03:49:32.878 INFO [main] org.apache.coyote.AbstractProtocol.start Starting ProtocolHandler ["http-nio-8080"]
30-May-2024 03:49:32.944 INFO [main] org.apache.catalina.startup.Catalina.start Server startup in 2819 ms
30-May-2024 03:50:09.216 INFO [Thread-1] org.apache.coyote.AbstractProtocol.pause Pausing ProtocolHandler ["http-nio-8080"]
30-May-2024 03:50:09.226 INFO [Thread-1] org.apache.catalina.core.StandardService.stopInternal Stopping service [Catalina]
30-May-2024 03:50:09.265 INFO [Thread-1] org.apache.coyote.AbstractProtocol.stop Stopping ProtocolHandler ["http-nio-8080"]
30-May-2024 03:50:09.272 INFO [Thread-1] org.apache.coyote.AbstractProtocol.destroy Destroying ProtocolHandler ["http-nio-8080"]
30-May-2024 03:52:22.224 INFO [main] org.apache.catalina.startup.VersionLoggerListener.log Имя версии сервера:    Apache Tomcat/8.5.100
30-May-2024 03:52:22.231 INFO [main] org.apache.catalina.startup.VersionLoggerListener.log Сервер собран:         Mar 19 2024 13:54:42 UTC
30-May-2024 03:52:22.232 INFO [main] org.apache.catalina.startup.VersionLoggerListener.log Номер версии сервера:  8.5.100.0
30-May-2024 03:52:22.233 INFO [main] org.apache.catalina.startup.VersionLoggerListener.log OS Name:               Windows 10
30-May-2024 03:52:22.233 INFO [main] org.apache.catalina.startup.VersionLoggerListener.log Версия ОС:             10.0
30-May-2024 03:52:22.233 INFO [main] org.apache.catalina.startup.VersionLoggerListener.log Архитектура:           amd64
30-May-2024 03:52:22.234 INFO [main] org.apache.catalina.startup.VersionLoggerListener.log Java Home:             C:\Program Files\Java\jdk-22
30-May-2024 03:52:22.234 INFO [main] org.apache.catalina.startup.VersionLoggerListener.log Версия JVM:            22.0.1+8-16
30-May-2024 03:52:22.234 INFO [main] org.apache.catalina.startup.VersionLoggerListener.log Производитель JVM:     Oracle Corporation
30-May-2024 03:52:22.245 INFO [main] org.apache.catalina.startup.VersionLoggerListener.log CATALINA_BASE:         C:\Users\User\IdeaProjects\OOP_Lab5
30-May-2024 03:52:22.245 INFO [main] org.apache.catalina.startup.VersionLoggerListener.log CATALINA_HOME:         C:\TomCat\apache-tomcat-8.5.100
30-May-2024 03:52:22.252 INFO [main] org.apache.catalina.startup.VersionLoggerListener.log Command line argument: --add-opens=java.base/java.lang=ALL-UNNAMED
30-May-2024 03:52:22.252 INFO [main] org.apache.catalina.startup.VersionLoggerListener.log Command line argument: --add-opens=java.base/java.io=ALL-UNNAMED
30-May-2024 03:52:22.253 INFO [main] org.apache.catalina.startup.VersionLoggerListener.log Command line argument: --add-opens=java.base/java.util=ALL-UNNAMED
30-May-2024 03:52:22.253 INFO [main] org.apache.catalina.startup.VersionLoggerListener.log Command line argument: --add-opens=java.base/java.util.concurrent=ALL-UNNAMED
30-May-2024 03:52:22.253 INFO [main] org.apache.catalina.startup.VersionLoggerListener.log Command line argument: --add-opens=java.rmi/sun.rmi.transport=ALL-UNNAMED
30-May-2024 03:52:22.254 INFO [main] org.apache.catalina.startup.VersionLoggerListener.log Command line argument: -Dcatalina.home=C:\TomCat\apache-tomcat-8.5.100
30-May-2024 03:52:22.254 INFO [main] org.apache.catalina.startup.VersionLoggerListener.log Command line argument: -Dcatalina.base=C:\Users\User\IdeaProjects\OOP_Lab5
30-May-2024 03:52:22.254 INFO [main] org.apache.catalina.startup.VersionLoggerListener.log Command line argument: -Djava.io.tmpdir=C:\Users\User\IdeaProjects\OOP_Lab5\temp
30-May-2024 03:52:22.256 INFO [main] org.apache.catalina.startup.VersionLoggerListener.log Command line argument: -Djava.util.logging.config.file=C:\Users\User\IdeaProjects\OOP_Lab5\conf\logging.properties
30-May-2024 03:52:22.256 INFO [main] org.apache.catalina.startup.VersionLoggerListener.log Command line argument: -Djava.util.logging.manager=org.apache.juli.ClassLoaderLogManager
30-May-2024 03:52:22.256 INFO [main] org.apache.catalina.startup.VersionLoggerListener.log Command line argument: -javaagent:C:\Users\User\IntelliJ IDEA 2024.1.1\lib\idea_rt.jar=7661:C:\Users\User\IntelliJ IDEA 2024.1.1\bin
30-May-2024 03:52:22.257 INFO [main] org.apache.catalina.startup.VersionLoggerListener.log Command line argument: -Dfile.encoding=UTF-8
30-May-2024 03:52:22.258 INFO [main] org.apache.catalina.startup.VersionLoggerListener.log Command line argument: -Dsun.stdout.encoding=UTF-8
30-May-2024 03:52:22.258 INFO [main] org.apache.catalina.startup.VersionLoggerListener.log Command line argument: -Dsun.stderr.encoding=UTF-8
30-May-2024 03:52:22.259 INFO [main] org.apache.catalina.core.AprLifecycleListener.lifecycleEvent The Apache Tomcat Native library which allows using OpenSSL was not found on the java.library.path: [C:\Program Files\Java\jdk-22\bin;C:\Windows\Sun\Java\bin;C:\Windows\system32;C:\Windows;C:\Program Files\Common Files\Oracle\Java\javapath;C:\Program Files (x86)\NVIDIA Corporation\PhysX\Common;C:\ProgramData\Oracle\Java\javapath;C:\Windows\system32;C:\Windows;C:\Windows\System32\Wbem;C:\Windows\System32\WindowsPowerShell\v1.0\;C:\Windows\System32\OpenSSH\;C:\Program Files\dotnet\;C:\Program Files\Git\cmd;C:\Users\User\AppData\Local\Microsoft\WindowsApps;C:\Users\User\AppData\Local\Programs\Microsoft VS Code\bin;C:\Users\User\.dotnet\tools;C:\Users\User\IntelliJ IDEA 2024.1.1\bin;;.]
30-May-2024 03:52:22.403 INFO [main] org.apache.coyote.AbstractProtocol.init Инициализация ProtocolHandler ["http-nio-8080"]
30-May-2024 03:52:22.450 SEVERE [main] org.apache.catalina.core.StandardService.initInternal Failed to initialize connector [Connector["http-nio-8080"]]
	org.apache.catalina.LifecycleException: Protocol handler initialization failed
		at org.apache.catalina.connector.Connector.initInternal(Connector.java:1076)
		at org.apache.catalina.util.LifecycleBase.init(LifecycleBase.java:127)
		at org.apache.catalina.core.StandardService.initInternal(StandardService.java:564)
		at org.apache.catalina.util.LifecycleBase.init(LifecycleBase.java:127)
		at org.apache.catalina.core.StandardServer.initInternal(StandardServer.java:861)
		at org.apache.catalina.util.LifecycleBase.init(LifecycleBase.java:127)
		at org.apache.catalina.startup.Catalina.load(Catalina.java:596)
		at org.apache.catalina.startup.Catalina.load(Catalina.java:619)
		at java.base/jdk.internal.reflect.DirectMethodHandleAccessor.invoke(DirectMethodHandleAccessor.java:103)
		at java.base/java.lang.reflect.Method.invoke(Method.java:580)
		at org.apache.catalina.startup.Bootstrap.load(Bootstrap.java:302)
		at org.apache.catalina.startup.Bootstrap.main(Bootstrap.java:475)
	Caused by: java.net.BindException: Address already in use: bind
		at java.base/sun.nio.ch.Net.bind0(Native Method)
		at java.base/sun.nio.ch.Net.bind(Net.java:565)
		at java.base/sun.nio.ch.ServerSocketChannelImpl.netBind(ServerSocketChannelImpl.java:344)
		at java.base/sun.nio.ch.ServerSocketChannelImpl.bind(ServerSocketChannelImpl.java:301)
		at java.base/sun.nio.ch.ServerSocketAdaptor.bind(ServerSocketAdaptor.java:89)
		at org.apache.tomcat.util.net.NioEndpoint.initServerSocket(NioEndpoint.java:218)
		at org.apache.tomcat.util.net.NioEndpoint.bind(NioEndpoint.java:194)
		at org.apache.tomcat.util.net.AbstractEndpoint.bindWithCleanup(AbstractEndpoint.java:1328)
		at org.apache.tomcat.util.net.AbstractEndpoint.init(AbstractEndpoint.java:1341)
		at org.apache.tomcat.util.net.AbstractJsseEndpoint.init(AbstractJsseEndpoint.java:241)
		at org.apache.coyote.AbstractProtocol.init(AbstractProtocol.java:695)
		at org.apache.coyote.http11.AbstractHttp11Protocol.init(AbstractHttp11Protocol.java:76)
		at org.apache.catalina.connector.Connector.initInternal(Connector.java:1074)
		... 11 more
30-May-2024 03:52:22.453 INFO [main] org.apache.catalina.startup.Catalina.load Initialization processed in 1594 ms
30-May-2024 03:52:22.775 INFO [main] org.apache.catalina.core.StandardService.startInternal Starting service [Catalina]
30-May-2024 03:52:22.776 INFO [main] org.apache.catalina.core.StandardEngine.startInternal Starting Servlet engine: [Apache Tomcat/8.5.100]
30-May-2024 03:52:22.850 INFO [localhost-startStop-1] org.apache.catalina.startup.HostConfig.deployDescriptor Deploying deployment descriptor [C:\Users\User\IdeaProjects\OOP_Lab5\conf\Catalina\localhost\OOP_Lab5.xml]
30-May-2024 03:52:25.627 INFO [localhost-startStop-1] org.apache.jasper.servlet.TldScanner.scanJars At least one JAR was scanned for TLDs yet contained no TLDs. Enable debug logging for this logger for a complete list of JARs that were scanned but no TLDs were found in them. Skipping unneeded JARs during scanning can improve startup time and JSP compilation time.
30-May-2024 03:52:25.804 INFO [localhost-startStop-1] org.apache.catalina.startup.HostConfig.deployDescriptor Deployment of deployment descriptor [C:\Users\User\IdeaProjects\OOP_Lab5\conf\Catalina\localhost\OOP_Lab5.xml] has finished in [2 945] ms
30-May-2024 03:52:25.811 INFO [main] org.apache.catalina.startup.Catalina.start Server startup in 3348 ms
30-May-2024 03:52:25.830 SEVERE [main] org.apache.catalina.core.StandardServer.await Failed to create server shutdown socket on address [localhost] and port [8005] (base port [8005] and offset [0])
	java.net.BindException: Address already in use: bind
		at java.base/sun.nio.ch.Net.bind0(Native Method)
		at java.base/sun.nio.ch.Net.bind(Net.java:565)
		at java.base/sun.nio.ch.Net.bind(Net.java:554)
		at java.base/sun.nio.ch.NioSocketImpl.bind(NioSocketImpl.java:636)
		at java.base/java.net.ServerSocket.bind(ServerSocket.java:390)
		at java.base/java.net.ServerSocket.<init>(ServerSocket.java:277)
		at org.apache.catalina.core.StandardServer.await(StandardServer.java:444)
		at org.apache.catalina.startup.Catalina.await(Catalina.java:730)
		at org.apache.catalina.startup.Catalina.start(Catalina.java:678)
		at java.base/jdk.internal.reflect.DirectMethodHandleAccessor.invoke(DirectMethodHandleAccessor.java:103)
		at java.base/java.lang.reflect.Method.invoke(Method.java:580)
		at org.apache.catalina.startup.Bootstrap.start(Bootstrap.java:345)
		at org.apache.catalina.startup.Bootstrap.main(Bootstrap.java:476)
30-May-2024 03:52:25.832 INFO [main] org.apache.coyote.AbstractProtocol.pause Pausing ProtocolHandler ["http-nio-8080"]
30-May-2024 03:52:25.832 INFO [main] org.apache.catalina.core.StandardService.stopInternal Stopping service [Catalina]
30-May-2024 03:52:25.867 INFO [main] org.apache.coyote.AbstractProtocol.stop Stopping ProtocolHandler ["http-nio-8080"]
30-May-2024 03:52:25.868 INFO [main] org.apache.coyote.AbstractProtocol.destroy Destroying ProtocolHandler ["http-nio-8080"]
30-May-2024 03:52:40.938 INFO [main] org.apache.catalina.startup.VersionLoggerListener.log Имя версии сервера:    Apache Tomcat/8.5.100
30-May-2024 03:52:40.956 INFO [main] org.apache.catalina.startup.VersionLoggerListener.log Сервер собран:         Mar 19 2024 13:54:42 UTC
30-May-2024 03:52:40.956 INFO [main] org.apache.catalina.startup.VersionLoggerListener.log Номер версии сервера:  8.5.100.0
30-May-2024 03:52:40.957 INFO [main] org.apache.catalina.startup.VersionLoggerListener.log OS Name:               Windows 10
30-May-2024 03:52:40.957 INFO [main] org.apache.catalina.startup.VersionLoggerListener.log Версия ОС:             10.0
30-May-2024 03:52:40.957 INFO [main] org.apache.catalina.startup.VersionLoggerListener.log Архитектура:           amd64
30-May-2024 03:52:40.957 INFO [main] org.apache.catalina.startup.VersionLoggerListener.log Java Home:             C:\Program Files\Java\jdk-22
30-May-2024 03:52:40.958 INFO [main] org.apache.catalina.startup.VersionLoggerListener.log Версия JVM:            22.0.1+8-16
30-May-2024 03:52:40.960 INFO [main] org.apache.catalina.startup.VersionLoggerListener.log Производитель JVM:     Oracle Corporation
30-May-2024 03:52:40.960 INFO [main] org.apache.catalina.startup.VersionLoggerListener.log CATALINA_BASE:         C:\Users\User\IdeaProjects\OOP_Lab5
30-May-2024 03:52:40.960 INFO [main] org.apache.catalina.startup.VersionLoggerListener.log CATALINA_HOME:         C:\TomCat\apache-tomcat-8.5.100
30-May-2024 03:52:40.966 INFO [main] org.apache.catalina.startup.VersionLoggerListener.log Command line argument: --add-opens=java.base/java.lang=ALL-UNNAMED
30-May-2024 03:52:40.966 INFO [main] org.apache.catalina.startup.VersionLoggerListener.log Command line argument: --add-opens=java.base/java.io=ALL-UNNAMED
30-May-2024 03:52:40.967 INFO [main] org.apache.catalina.startup.VersionLoggerListener.log Command line argument: --add-opens=java.base/java.util=ALL-UNNAMED
30-May-2024 03:52:40.968 INFO [main] org.apache.catalina.startup.VersionLoggerListener.log Command line argument: --add-opens=java.base/java.util.concurrent=ALL-UNNAMED
30-May-2024 03:52:40.968 INFO [main] org.apache.catalina.startup.VersionLoggerListener.log Command line argument: --add-opens=java.rmi/sun.rmi.transport=ALL-UNNAMED
30-May-2024 03:52:40.968 INFO [main] org.apache.catalina.startup.VersionLoggerListener.log Command line argument: -Dcatalina.home=C:\TomCat\apache-tomcat-8.5.100
30-May-2024 03:52:40.968 INFO [main] org.apache.catalina.startup.VersionLoggerListener.log Command line argument: -Dcatalina.base=C:\Users\User\IdeaProjects\OOP_Lab5
30-May-2024 03:52:40.968 INFO [main] org.apache.catalina.startup.VersionLoggerListener.log Command line argument: -Djava.io.tmpdir=C:\Users\User\IdeaProjects\OOP_Lab5\temp
30-May-2024 03:52:40.969 INFO [main] org.apache.catalina.startup.VersionLoggerListener.log Command line argument: -Djava.util.logging.config.file=C:\Users\User\IdeaProjects\OOP_Lab5\conf\logging.properties
30-May-2024 03:52:40.969 INFO [main] org.apache.catalina.startup.VersionLoggerListener.log Command line argument: -Djava.util.logging.manager=org.apache.juli.ClassLoaderLogManager
30-May-2024 03:52:40.969 INFO [main] org.apache.catalina.startup.VersionLoggerListener.log Command line argument: -javaagent:C:\Users\User\IntelliJ IDEA 2024.1.1\lib\idea_rt.jar=7670:C:\Users\User\IntelliJ IDEA 2024.1.1\bin
30-May-2024 03:52:40.969 INFO [main] org.apache.catalina.startup.VersionLoggerListener.log Command line argument: -Dfile.encoding=UTF-8
30-May-2024 03:52:40.969 INFO [main] org.apache.catalina.startup.VersionLoggerListener.log Command line argument: -Dsun.stdout.encoding=UTF-8
30-May-2024 03:52:40.969 INFO [main] org.apache.catalina.startup.VersionLoggerListener.log Command line argument: -Dsun.stderr.encoding=UTF-8
30-May-2024 03:52:40.970 INFO [main] org.apache.catalina.core.AprLifecycleListener.lifecycleEvent The Apache Tomcat Native library which allows using OpenSSL was not found on the java.library.path: [C:\Program Files\Java\jdk-22\bin;C:\Windows\Sun\Java\bin;C:\Windows\system32;C:\Windows;C:\Program Files\Common Files\Oracle\Java\javapath;C:\Program Files (x86)\NVIDIA Corporation\PhysX\Common;C:\ProgramData\Oracle\Java\javapath;C:\Windows\system32;C:\Windows;C:\Windows\System32\Wbem;C:\Windows\System32\WindowsPowerShell\v1.0\;C:\Windows\System32\OpenSSH\;C:\Program Files\dotnet\;C:\Program Files\Git\cmd;C:\Users\User\AppData\Local\Microsoft\WindowsApps;C:\Users\User\AppData\Local\Programs\Microsoft VS Code\bin;C:\Users\User\.dotnet\tools;C:\Users\User\IntelliJ IDEA 2024.1.1\bin;;.]
30-May-2024 03:52:41.093 INFO [main] org.apache.coyote.AbstractProtocol.init Инициализация ProtocolHandler ["http-nio-8080"]
30-May-2024 03:52:41.117 SEVERE [main] org.apache.catalina.core.StandardService.initInternal Failed to initialize connector [Connector["http-nio-8080"]]
	org.apache.catalina.LifecycleException: Protocol handler initialization failed
		at org.apache.catalina.connector.Connector.initInternal(Connector.java:1076)
		at org.apache.catalina.util.LifecycleBase.init(LifecycleBase.java:127)
		at org.apache.catalina.core.StandardService.initInternal(StandardService.java:564)
		at org.apache.catalina.util.LifecycleBase.init(LifecycleBase.java:127)
		at org.apache.catalina.core.StandardServer.initInternal(StandardServer.java:861)
		at org.apache.catalina.util.LifecycleBase.init(LifecycleBase.java:127)
		at org.apache.catalina.startup.Catalina.load(Catalina.java:596)
		at org.apache.catalina.startup.Catalina.load(Catalina.java:619)
		at java.base/jdk.internal.reflect.DirectMethodHandleAccessor.invoke(DirectMethodHandleAccessor.java:103)
		at java.base/java.lang.reflect.Method.invoke(Method.java:580)
		at org.apache.catalina.startup.Bootstrap.load(Bootstrap.java:302)
		at org.apache.catalina.startup.Bootstrap.main(Bootstrap.java:475)
	Caused by: java.net.BindException: Address already in use: bind
		at java.base/sun.nio.ch.Net.bind0(Native Method)
		at java.base/sun.nio.ch.Net.bind(Net.java:565)
		at java.base/sun.nio.ch.ServerSocketChannelImpl.netBind(ServerSocketChannelImpl.java:344)
		at java.base/sun.nio.ch.ServerSocketChannelImpl.bind(ServerSocketChannelImpl.java:301)
		at java.base/sun.nio.ch.ServerSocketAdaptor.bind(ServerSocketAdaptor.java:89)
		at org.apache.tomcat.util.net.NioEndpoint.initServerSocket(NioEndpoint.java:218)
		at org.apache.tomcat.util.net.NioEndpoint.bind(NioEndpoint.java:194)
		at org.apache.tomcat.util.net.AbstractEndpoint.bindWithCleanup(AbstractEndpoint.java:1328)
		at org.apache.tomcat.util.net.AbstractEndpoint.init(AbstractEndpoint.java:1341)
		at org.apache.tomcat.util.net.AbstractJsseEndpoint.init(AbstractJsseEndpoint.java:241)
		at org.apache.coyote.AbstractProtocol.init(AbstractProtocol.java:695)
		at org.apache.coyote.http11.AbstractHttp11Protocol.init(AbstractHttp11Protocol.java:76)
		at org.apache.catalina.connector.Connector.initInternal(Connector.java:1074)
		... 11 more
30-May-2024 03:52:41.120 INFO [main] org.apache.catalina.startup.Catalina.load Initialization processed in 1610 ms
30-May-2024 03:52:41.312 INFO [main] org.apache.catalina.core.StandardService.startInternal Starting service [Catalina]
30-May-2024 03:52:41.313 INFO [main] org.apache.catalina.core.StandardEngine.startInternal Starting Servlet engine: [Apache Tomcat/8.5.100]
30-May-2024 03:52:41.342 INFO [localhost-startStop-1] org.apache.catalina.startup.HostConfig.deployDescriptor Deploying deployment descriptor [C:\Users\User\IdeaProjects\OOP_Lab5\conf\Catalina\localhost\OOP_Lab5.xml]
30-May-2024 03:52:43.787 INFO [localhost-startStop-1] org.apache.jasper.servlet.TldScanner.scanJars At least one JAR was scanned for TLDs yet contained no TLDs. Enable debug logging for this logger for a complete list of JARs that were scanned but no TLDs were found in them. Skipping unneeded JARs during scanning can improve startup time and JSP compilation time.
30-May-2024 03:52:43.939 INFO [localhost-startStop-1] org.apache.catalina.startup.HostConfig.deployDescriptor Deployment of deployment descriptor [C:\Users\User\IdeaProjects\OOP_Lab5\conf\Catalina\localhost\OOP_Lab5.xml] has finished in [2 589] ms
30-May-2024 03:52:43.946 INFO [main] org.apache.catalina.startup.Catalina.start Server startup in 2822 ms
30-May-2024 03:52:43.960 SEVERE [main] org.apache.catalina.core.StandardServer.await Failed to create server shutdown socket on address [localhost] and port [8005] (base port [8005] and offset [0])
	java.net.BindException: Address already in use: bind
		at java.base/sun.nio.ch.Net.bind0(Native Method)
		at java.base/sun.nio.ch.Net.bind(Net.java:565)
		at java.base/sun.nio.ch.Net.bind(Net.java:554)
		at java.base/sun.nio.ch.NioSocketImpl.bind(NioSocketImpl.java:636)
		at java.base/java.net.ServerSocket.bind(ServerSocket.java:390)
		at java.base/java.net.ServerSocket.<init>(ServerSocket.java:277)
		at org.apache.catalina.core.StandardServer.await(StandardServer.java:444)
		at org.apache.catalina.startup.Catalina.await(Catalina.java:730)
		at org.apache.catalina.startup.Catalina.start(Catalina.java:678)
		at java.base/jdk.internal.reflect.DirectMethodHandleAccessor.invoke(DirectMethodHandleAccessor.java:103)
		at java.base/java.lang.reflect.Method.invoke(Method.java:580)
		at org.apache.catalina.startup.Bootstrap.start(Bootstrap.java:345)
		at org.apache.catalina.startup.Bootstrap.main(Bootstrap.java:476)
30-May-2024 03:52:43.961 INFO [main] org.apache.coyote.AbstractProtocol.pause Pausing ProtocolHandler ["http-nio-8080"]
30-May-2024 03:52:43.962 INFO [main] org.apache.catalina.core.StandardService.stopInternal Stopping service [Catalina]
30-May-2024 03:52:43.994 INFO [main] org.apache.coyote.AbstractProtocol.stop Stopping ProtocolHandler ["http-nio-8080"]
30-May-2024 03:52:43.995 INFO [main] org.apache.coyote.AbstractProtocol.destroy Destroying ProtocolHandler ["http-nio-8080"]
30-May-2024 03:53:30.953 INFO [main] org.apache.catalina.startup.VersionLoggerListener.log Имя версии сервера:    Apache Tomcat/8.5.100
30-May-2024 03:53:30.960 INFO [main] org.apache.catalina.startup.VersionLoggerListener.log Сервер собран:         Mar 19 2024 13:54:42 UTC
30-May-2024 03:53:30.961 INFO [main] org.apache.catalina.startup.VersionLoggerListener.log Номер версии сервера:  8.5.100.0
30-May-2024 03:53:30.961 INFO [main] org.apache.catalina.startup.VersionLoggerListener.log OS Name:               Windows 10
30-May-2024 03:53:30.961 INFO [main] org.apache.catalina.startup.VersionLoggerListener.log Версия ОС:             10.0
30-May-2024 03:53:30.962 INFO [main] org.apache.catalina.startup.VersionLoggerListener.log Архитектура:           amd64
30-May-2024 03:53:30.963 INFO [main] org.apache.catalina.startup.VersionLoggerListener.log Java Home:             C:\Program Files\Java\jdk-22
30-May-2024 03:53:30.964 INFO [main] org.apache.catalina.startup.VersionLoggerListener.log Версия JVM:            22.0.1+8-16
30-May-2024 03:53:30.964 INFO [main] org.apache.catalina.startup.VersionLoggerListener.log Производитель JVM:     Oracle Corporation
30-May-2024 03:53:30.965 INFO [main] org.apache.catalina.startup.VersionLoggerListener.log CATALINA_BASE:         C:\Users\User\IdeaProjects\OOP_Lab5
30-May-2024 03:53:30.965 INFO [main] org.apache.catalina.startup.VersionLoggerListener.log CATALINA_HOME:         C:\TomCat\apache-tomcat-8.5.100
30-May-2024 03:53:30.967 INFO [main] org.apache.catalina.startup.VersionLoggerListener.log Command line argument: --add-opens=java.base/java.lang=ALL-UNNAMED
30-May-2024 03:53:30.967 INFO [main] org.apache.catalina.startup.VersionLoggerListener.log Command line argument: --add-opens=java.base/java.io=ALL-UNNAMED
30-May-2024 03:53:30.968 INFO [main] org.apache.catalina.startup.VersionLoggerListener.log Command line argument: --add-opens=java.base/java.util=ALL-UNNAMED
30-May-2024 03:53:30.968 INFO [main] org.apache.catalina.startup.VersionLoggerListener.log Command line argument: --add-opens=java.base/java.util.concurrent=ALL-UNNAMED
30-May-2024 03:53:30.968 INFO [main] org.apache.catalina.startup.VersionLoggerListener.log Command line argument: --add-opens=java.rmi/sun.rmi.transport=ALL-UNNAMED
30-May-2024 03:53:30.969 INFO [main] org.apache.catalina.startup.VersionLoggerListener.log Command line argument: -Dcatalina.home=C:\TomCat\apache-tomcat-8.5.100
30-May-2024 03:53:30.969 INFO [main] org.apache.catalina.startup.VersionLoggerListener.log Command line argument: -Dcatalina.base=C:\Users\User\IdeaProjects\OOP_Lab5
30-May-2024 03:53:30.970 INFO [main] org.apache.catalina.startup.VersionLoggerListener.log Command line argument: -Djava.io.tmpdir=C:\Users\User\IdeaProjects\OOP_Lab5\temp
30-May-2024 03:53:30.970 INFO [main] org.apache.catalina.startup.VersionLoggerListener.log Command line argument: -Djava.util.logging.config.file=C:\Users\User\IdeaProjects\OOP_Lab5\conf\logging.properties
30-May-2024 03:53:30.971 INFO [main] org.apache.catalina.startup.VersionLoggerListener.log Command line argument: -Djava.util.logging.manager=org.apache.juli.ClassLoaderLogManager
30-May-2024 03:53:30.971 INFO [main] org.apache.catalina.startup.VersionLoggerListener.log Command line argument: -javaagent:C:\Users\User\IntelliJ IDEA 2024.1.1\lib\idea_rt.jar=7700:C:\Users\User\IntelliJ IDEA 2024.1.1\bin
30-May-2024 03:53:30.971 INFO [main] org.apache.catalina.startup.VersionLoggerListener.log Command line argument: -Dfile.encoding=UTF-8
30-May-2024 03:53:30.972 INFO [main] org.apache.catalina.startup.VersionLoggerListener.log Command line argument: -Dsun.stdout.encoding=UTF-8
30-May-2024 03:53:30.972 INFO [main] org.apache.catalina.startup.VersionLoggerListener.log Command line argument: -Dsun.stderr.encoding=UTF-8
30-May-2024 03:53:30.973 INFO [main] org.apache.catalina.core.AprLifecycleListener.lifecycleEvent The Apache Tomcat Native library which allows using OpenSSL was not found on the java.library.path: [C:\Program Files\Java\jdk-22\bin;C:\Windows\Sun\Java\bin;C:\Windows\system32;C:\Windows;C:\Program Files\Common Files\Oracle\Java\javapath;C:\Program Files (x86)\NVIDIA Corporation\PhysX\Common;C:\ProgramData\Oracle\Java\javapath;C:\Windows\system32;C:\Windows;C:\Windows\System32\Wbem;C:\Windows\System32\WindowsPowerShell\v1.0\;C:\Windows\System32\OpenSSH\;C:\Program Files\dotnet\;C:\Program Files\Git\cmd;C:\Users\User\AppData\Local\Microsoft\WindowsApps;C:\Users\User\AppData\Local\Programs\Microsoft VS Code\bin;C:\Users\User\.dotnet\tools;C:\Users\User\IntelliJ IDEA 2024.1.1\bin;;.]
30-May-2024 03:53:31.083 INFO [main] org.apache.coyote.AbstractProtocol.init Инициализация ProtocolHandler ["http-nio-8080"]
30-May-2024 03:53:31.169 INFO [main] org.apache.catalina.startup.Catalina.load Initialization processed in 1711 ms
30-May-2024 03:53:31.324 INFO [main] org.apache.catalina.core.StandardService.startInternal Starting service [Catalina]
30-May-2024 03:53:31.325 INFO [main] org.apache.catalina.core.StandardEngine.startInternal Starting Servlet engine: [Apache Tomcat/8.5.100]
30-May-2024 03:53:31.349 INFO [localhost-startStop-1] org.apache.catalina.startup.HostConfig.deployDescriptor Deploying deployment descriptor [C:\Users\User\IdeaProjects\OOP_Lab5\conf\Catalina\localhost\OOP_Lab5.xml]
30-May-2024 03:53:33.681 INFO [localhost-startStop-1] org.apache.jasper.servlet.TldScanner.scanJars At least one JAR was scanned for TLDs yet contained no TLDs. Enable debug logging for this logger for a complete list of JARs that were scanned but no TLDs were found in them. Skipping unneeded JARs during scanning can improve startup time and JSP compilation time.
30-May-2024 03:53:33.829 INFO [localhost-startStop-1] org.apache.catalina.startup.HostConfig.deployDescriptor Deployment of deployment descriptor [C:\Users\User\IdeaProjects\OOP_Lab5\conf\Catalina\localhost\OOP_Lab5.xml] has finished in [2 475] ms
30-May-2024 03:53:33.836 INFO [main] org.apache.coyote.AbstractProtocol.start Starting ProtocolHandler ["http-nio-8080"]
30-May-2024 03:53:33.918 INFO [main] org.apache.catalina.startup.Catalina.start Server startup in 2747 ms
30-May-2024 03:53:44.371 INFO [Thread-1] org.apache.coyote.AbstractProtocol.pause Pausing ProtocolHandler ["http-nio-8080"]
30-May-2024 03:53:44.389 INFO [Thread-1] org.apache.catalina.core.StandardService.stopInternal Stopping service [Catalina]
30-May-2024 03:53:44.561 INFO [Thread-1] org.apache.coyote.AbstractProtocol.stop Stopping ProtocolHandler ["http-nio-8080"]
30-May-2024 03:53:44.578 INFO [Thread-1] org.apache.coyote.AbstractProtocol.destroy Destroying ProtocolHandler ["http-nio-8080"]
30-May-2024 03:54:11.878 INFO [main] org.apache.catalina.startup.VersionLoggerListener.log Имя версии сервера:    Apache Tomcat/8.5.100
30-May-2024 03:54:11.883 INFO [main] org.apache.catalina.startup.VersionLoggerListener.log Сервер собран:         Mar 19 2024 13:54:42 UTC
30-May-2024 03:54:11.884 INFO [main] org.apache.catalina.startup.VersionLoggerListener.log Номер версии сервера:  8.5.100.0
30-May-2024 03:54:11.884 INFO [main] org.apache.catalina.startup.VersionLoggerListener.log OS Name:               Windows 10
30-May-2024 03:54:11.884 INFO [main] org.apache.catalina.startup.VersionLoggerListener.log Версия ОС:             10.0
30-May-2024 03:54:11.885 INFO [main] org.apache.catalina.startup.VersionLoggerListener.log Архитектура:           amd64
30-May-2024 03:54:11.885 INFO [main] org.apache.catalina.startup.VersionLoggerListener.log Java Home:             C:\Program Files\Java\jdk-22
30-May-2024 03:54:11.886 INFO [main] org.apache.catalina.startup.VersionLoggerListener.log Версия JVM:            22.0.1+8-16
30-May-2024 03:54:11.887 INFO [main] org.apache.catalina.startup.VersionLoggerListener.log Производитель JVM:     Oracle Corporation
30-May-2024 03:54:11.887 INFO [main] org.apache.catalina.startup.VersionLoggerListener.log CATALINA_BASE:         C:\Users\User\IdeaProjects\OOP_Lab5
30-May-2024 03:54:11.887 INFO [main] org.apache.catalina.startup.VersionLoggerListener.log CATALINA_HOME:         C:\TomCat\apache-tomcat-8.5.100
30-May-2024 03:54:11.889 INFO [main] org.apache.catalina.startup.VersionLoggerListener.log Command line argument: --add-opens=java.base/java.lang=ALL-UNNAMED
30-May-2024 03:54:11.889 INFO [main] org.apache.catalina.startup.VersionLoggerListener.log Command line argument: --add-opens=java.base/java.io=ALL-UNNAMED
30-May-2024 03:54:11.889 INFO [main] org.apache.catalina.startup.VersionLoggerListener.log Command line argument: --add-opens=java.base/java.util=ALL-UNNAMED
30-May-2024 03:54:11.889 INFO [main] org.apache.catalina.startup.VersionLoggerListener.log Command line argument: --add-opens=java.base/java.util.concurrent=ALL-UNNAMED
30-May-2024 03:54:11.890 INFO [main] org.apache.catalina.startup.VersionLoggerListener.log Command line argument: --add-opens=java.rmi/sun.rmi.transport=ALL-UNNAMED
30-May-2024 03:54:11.890 INFO [main] org.apache.catalina.startup.VersionLoggerListener.log Command line argument: -Dcatalina.home=C:\TomCat\apache-tomcat-8.5.100
30-May-2024 03:54:11.890 INFO [main] org.apache.catalina.startup.VersionLoggerListener.log Command line argument: -Dcatalina.base=C:\Users\User\IdeaProjects\OOP_Lab5
30-May-2024 03:54:11.890 INFO [main] org.apache.catalina.startup.VersionLoggerListener.log Command line argument: -Djava.io.tmpdir=C:\Users\User\IdeaProjects\OOP_Lab5\temp
30-May-2024 03:54:11.890 INFO [main] org.apache.catalina.startup.VersionLoggerListener.log Command line argument: -Djava.util.logging.config.file=C:\Users\User\IdeaProjects\OOP_Lab5\conf\logging.properties
30-May-2024 03:54:11.890 INFO [main] org.apache.catalina.startup.VersionLoggerListener.log Command line argument: -Djava.util.logging.manager=org.apache.juli.ClassLoaderLogManager
30-May-2024 03:54:11.891 INFO [main] org.apache.catalina.startup.VersionLoggerListener.log Command line argument: -javaagent:C:\Users\User\IntelliJ IDEA 2024.1.1\lib\idea_rt.jar=7726:C:\Users\User\IntelliJ IDEA 2024.1.1\bin
30-May-2024 03:54:11.891 INFO [main] org.apache.catalina.startup.VersionLoggerListener.log Command line argument: -Dfile.encoding=UTF-8
30-May-2024 03:54:11.891 INFO [main] org.apache.catalina.startup.VersionLoggerListener.log Command line argument: -Dsun.stdout.encoding=UTF-8
30-May-2024 03:54:11.891 INFO [main] org.apache.catalina.startup.VersionLoggerListener.log Command line argument: -Dsun.stderr.encoding=UTF-8
30-May-2024 03:54:11.891 INFO [main] org.apache.catalina.core.AprLifecycleListener.lifecycleEvent The Apache Tomcat Native library which allows using OpenSSL was not found on the java.library.path: [C:\Program Files\Java\jdk-22\bin;C:\Windows\Sun\Java\bin;C:\Windows\system32;C:\Windows;C:\Program Files\Common Files\Oracle\Java\javapath;C:\Program Files (x86)\NVIDIA Corporation\PhysX\Common;C:\ProgramData\Oracle\Java\javapath;C:\Windows\system32;C:\Windows;C:\Windows\System32\Wbem;C:\Windows\System32\WindowsPowerShell\v1.0\;C:\Windows\System32\OpenSSH\;C:\Program Files\dotnet\;C:\Program Files\Git\cmd;C:\Users\User\AppData\Local\Microsoft\WindowsApps;C:\Users\User\AppData\Local\Programs\Microsoft VS Code\bin;C:\Users\User\.dotnet\tools;C:\Users\User\IntelliJ IDEA 2024.1.1\bin;;.]
30-May-2024 03:54:12.010 INFO [main] org.apache.coyote.AbstractProtocol.init Инициализация ProtocolHandler ["http-nio-8080"]
30-May-2024 03:54:12.071 INFO [main] org.apache.catalina.startup.Catalina.load Initialization processed in 1862 ms
30-May-2024 03:54:12.234 INFO [main] org.apache.catalina.core.StandardService.startInternal Starting service [Catalina]
30-May-2024 03:54:12.234 INFO [main] org.apache.catalina.core.StandardEngine.startInternal Starting Servlet engine: [Apache Tomcat/8.5.100]
30-May-2024 03:54:12.272 INFO [localhost-startStop-1] org.apache.catalina.startup.HostConfig.deployDescriptor Deploying deployment descriptor [C:\Users\User\IdeaProjects\OOP_Lab5\conf\Catalina\localhost\OOP_Lab5.xml]
30-May-2024 03:54:15.016 INFO [localhost-startStop-1] org.apache.jasper.servlet.TldScanner.scanJars At least one JAR was scanned for TLDs yet contained no TLDs. Enable debug logging for this logger for a complete list of JARs that were scanned but no TLDs were found in them. Skipping unneeded JARs during scanning can improve startup time and JSP compilation time.
30-May-2024 03:54:15.155 INFO [localhost-startStop-1] org.apache.catalina.startup.HostConfig.deployDescriptor Deployment of deployment descriptor [C:\Users\User\IdeaProjects\OOP_Lab5\conf\Catalina\localhost\OOP_Lab5.xml] has finished in [2 877] ms
30-May-2024 03:54:15.161 INFO [main] org.apache.coyote.AbstractProtocol.start Starting ProtocolHandler ["http-nio-8080"]
30-May-2024 03:54:15.233 INFO [main] org.apache.catalina.startup.Catalina.start Server startup in 3150 ms
30-May-2024 03:54:54.172 INFO [Thread-1] org.apache.coyote.AbstractProtocol.pause Pausing ProtocolHandler ["http-nio-8080"]
30-May-2024 03:54:54.181 INFO [Thread-1] org.apache.catalina.core.StandardService.stopInternal Stopping service [Catalina]
30-May-2024 03:54:54.212 INFO [Thread-1] org.apache.coyote.AbstractProtocol.stop Stopping ProtocolHandler ["http-nio-8080"]
30-May-2024 03:54:54.232 INFO [Thread-1] org.apache.coyote.AbstractProtocol.destroy Destroying ProtocolHandler ["http-nio-8080"]
